This is pdfTeX, Version 3.14159265-2.6-1.40.15 (TeX Live 2014) (preloaded format=pdflatex 2015.4.16)  9 AUG 2015 18:52
entering extended mode
 \write18 enabled.
 file:line:error style messages enabled.
 %&-line parsing enabled.
**Thesis.tex
(./Thesis.tex
LaTeX2e <2014/05/01>
Babel <3.9k> and hyphenation patterns for 78 languages loaded.
(/usr/local/texlive/2014/texmf-dist/tex/latex/base/report.cls
Document Class: report 2007/10/19 v1.4h Standard LaTeX document class
(/usr/local/texlive/2014/texmf-dist/tex/latex/base/size11.clo
File: size11.clo 2007/10/19 v1.4h Standard LaTeX file (size option)
)
\c@part=\count79
\c@chapter=\count80
\c@section=\count81
\c@subsection=\count82
\c@subsubsection=\count83
\c@paragraph=\count84
\c@subparagraph=\count85
\c@figure=\count86
\c@table=\count87
\abovecaptionskip=\skip41
\belowcaptionskip=\skip42
\bibindent=\dimen102
)
(/usr/local/texlive/2014/texmf-dist/tex/latex/base/inputenc.sty
Package: inputenc 2014/04/30 v1.2b Input encoding file
\inpenc@prehook=\toks14
\inpenc@posthook=\toks15

(/usr/local/texlive/2014/texmf-dist/tex/latex/base/utf8.def
File: utf8.def 2008/04/05 v1.1m UTF-8 support for inputenc
Now handling font encoding OML ...
... no UTF-8 mapping file for font encoding OML
Now handling font encoding T1 ...
... processing UTF-8 mapping file for font encoding T1

(/usr/local/texlive/2014/texmf-dist/tex/latex/base/t1enc.dfu
File: t1enc.dfu 2008/04/05 v1.1m UTF-8 support for inputenc
   defining Unicode char U+00A1 (decimal 161)
   defining Unicode char U+00A3 (decimal 163)
   defining Unicode char U+00AB (decimal 171)
   defining Unicode char U+00BB (decimal 187)
   defining Unicode char U+00BF (decimal 191)
   defining Unicode char U+00C0 (decimal 192)
   defining Unicode char U+00C1 (decimal 193)
   defining Unicode char U+00C2 (decimal 194)
   defining Unicode char U+00C3 (decimal 195)
   defining Unicode char U+00C4 (decimal 196)
   defining Unicode char U+00C5 (decimal 197)
   defining Unicode char U+00C6 (decimal 198)
   defining Unicode char U+00C7 (decimal 199)
   defining Unicode char U+00C8 (decimal 200)
   defining Unicode char U+00C9 (decimal 201)
   defining Unicode char U+00CA (decimal 202)
   defining Unicode char U+00CB (decimal 203)
   defining Unicode char U+00CC (decimal 204)
   defining Unicode char U+00CD (decimal 205)
   defining Unicode char U+00CE (decimal 206)
   defining Unicode char U+00CF (decimal 207)
   defining Unicode char U+00D0 (decimal 208)
   defining Unicode char U+00D1 (decimal 209)
   defining Unicode char U+00D2 (decimal 210)
   defining Unicode char U+00D3 (decimal 211)
   defining Unicode char U+00D4 (decimal 212)
   defining Unicode char U+00D5 (decimal 213)
   defining Unicode char U+00D6 (decimal 214)
   defining Unicode char U+00D8 (decimal 216)
   defining Unicode char U+00D9 (decimal 217)
   defining Unicode char U+00DA (decimal 218)
   defining Unicode char U+00DB (decimal 219)
   defining Unicode char U+00DC (decimal 220)
   defining Unicode char U+00DD (decimal 221)
   defining Unicode char U+00DE (decimal 222)
   defining Unicode char U+00DF (decimal 223)
   defining Unicode char U+00E0 (decimal 224)
   defining Unicode char U+00E1 (decimal 225)
   defining Unicode char U+00E2 (decimal 226)
   defining Unicode char U+00E3 (decimal 227)
   defining Unicode char U+00E4 (decimal 228)
   defining Unicode char U+00E5 (decimal 229)
   defining Unicode char U+00E6 (decimal 230)
   defining Unicode char U+00E7 (decimal 231)
   defining Unicode char U+00E8 (decimal 232)
   defining Unicode char U+00E9 (decimal 233)
   defining Unicode char U+00EA (decimal 234)
   defining Unicode char U+00EB (decimal 235)
   defining Unicode char U+00EC (decimal 236)
   defining Unicode char U+00ED (decimal 237)
   defining Unicode char U+00EE (decimal 238)
   defining Unicode char U+00EF (decimal 239)
   defining Unicode char U+00F0 (decimal 240)
   defining Unicode char U+00F1 (decimal 241)
   defining Unicode char U+00F2 (decimal 242)
   defining Unicode char U+00F3 (decimal 243)
   defining Unicode char U+00F4 (decimal 244)
   defining Unicode char U+00F5 (decimal 245)
   defining Unicode char U+00F6 (decimal 246)
   defining Unicode char U+00F8 (decimal 248)
   defining Unicode char U+00F9 (decimal 249)
   defining Unicode char U+00FA (decimal 250)
   defining Unicode char U+00FB (decimal 251)
   defining Unicode char U+00FC (decimal 252)
   defining Unicode char U+00FD (decimal 253)
   defining Unicode char U+00FE (decimal 254)
   defining Unicode char U+00FF (decimal 255)
   defining Unicode char U+0102 (decimal 258)
   defining Unicode char U+0103 (decimal 259)
   defining Unicode char U+0104 (decimal 260)
   defining Unicode char U+0105 (decimal 261)
   defining Unicode char U+0106 (decimal 262)
   defining Unicode char U+0107 (decimal 263)
   defining Unicode char U+010C (decimal 268)
   defining Unicode char U+010D (decimal 269)
   defining Unicode char U+010E (decimal 270)
   defining Unicode char U+010F (decimal 271)
   defining Unicode char U+0110 (decimal 272)
   defining Unicode char U+0111 (decimal 273)
   defining Unicode char U+0118 (decimal 280)
   defining Unicode char U+0119 (decimal 281)
   defining Unicode char U+011A (decimal 282)
   defining Unicode char U+011B (decimal 283)
   defining Unicode char U+011E (decimal 286)
   defining Unicode char U+011F (decimal 287)
   defining Unicode char U+0130 (decimal 304)
   defining Unicode char U+0131 (decimal 305)
   defining Unicode char U+0132 (decimal 306)
   defining Unicode char U+0133 (decimal 307)
   defining Unicode char U+0139 (decimal 313)
   defining Unicode char U+013A (decimal 314)
   defining Unicode char U+013D (decimal 317)
   defining Unicode char U+013E (decimal 318)
   defining Unicode char U+0141 (decimal 321)
   defining Unicode char U+0142 (decimal 322)
   defining Unicode char U+0143 (decimal 323)
   defining Unicode char U+0144 (decimal 324)
   defining Unicode char U+0147 (decimal 327)
   defining Unicode char U+0148 (decimal 328)
   defining Unicode char U+014A (decimal 330)
   defining Unicode char U+014B (decimal 331)
   defining Unicode char U+0150 (decimal 336)
   defining Unicode char U+0151 (decimal 337)
   defining Unicode char U+0152 (decimal 338)
   defining Unicode char U+0153 (decimal 339)
   defining Unicode char U+0154 (decimal 340)
   defining Unicode char U+0155 (decimal 341)
   defining Unicode char U+0158 (decimal 344)
   defining Unicode char U+0159 (decimal 345)
   defining Unicode char U+015A (decimal 346)
   defining Unicode char U+015B (decimal 347)
   defining Unicode char U+015E (decimal 350)
   defining Unicode char U+015F (decimal 351)
   defining Unicode char U+0160 (decimal 352)
   defining Unicode char U+0161 (decimal 353)
   defining Unicode char U+0162 (decimal 354)
   defining Unicode char U+0163 (decimal 355)
   defining Unicode char U+0164 (decimal 356)
   defining Unicode char U+0165 (decimal 357)
   defining Unicode char U+016E (decimal 366)
   defining Unicode char U+016F (decimal 367)
   defining Unicode char U+0170 (decimal 368)
   defining Unicode char U+0171 (decimal 369)
   defining Unicode char U+0178 (decimal 376)
   defining Unicode char U+0179 (decimal 377)
   defining Unicode char U+017A (decimal 378)
   defining Unicode char U+017B (decimal 379)
   defining Unicode char U+017C (decimal 380)
   defining Unicode char U+017D (decimal 381)
   defining Unicode char U+017E (decimal 382)
   defining Unicode char U+200C (decimal 8204)
   defining Unicode char U+2013 (decimal 8211)
   defining Unicode char U+2014 (decimal 8212)
   defining Unicode char U+2018 (decimal 8216)
   defining Unicode char U+2019 (decimal 8217)
   defining Unicode char U+201A (decimal 8218)
   defining Unicode char U+201C (decimal 8220)
   defining Unicode char U+201D (decimal 8221)
   defining Unicode char U+201E (decimal 8222)
   defining Unicode char U+2030 (decimal 8240)
   defining Unicode char U+2031 (decimal 8241)
   defining Unicode char U+2039 (decimal 8249)
   defining Unicode char U+203A (decimal 8250)
   defining Unicode char U+2423 (decimal 9251)
)
Now handling font encoding OT1 ...
... processing UTF-8 mapping file for font encoding OT1

(/usr/local/texlive/2014/texmf-dist/tex/latex/base/ot1enc.dfu
File: ot1enc.dfu 2008/04/05 v1.1m UTF-8 support for inputenc
   defining Unicode char U+00A1 (decimal 161)
   defining Unicode char U+00A3 (decimal 163)
   defining Unicode char U+00B8 (decimal 184)
   defining Unicode char U+00BF (decimal 191)
   defining Unicode char U+00C5 (decimal 197)
   defining Unicode char U+00C6 (decimal 198)
   defining Unicode char U+00D8 (decimal 216)
   defining Unicode char U+00DF (decimal 223)
   defining Unicode char U+00E6 (decimal 230)
   defining Unicode char U+00EC (decimal 236)
   defining Unicode char U+00ED (decimal 237)
   defining Unicode char U+00EE (decimal 238)
   defining Unicode char U+00EF (decimal 239)
   defining Unicode char U+00F8 (decimal 248)
   defining Unicode char U+0131 (decimal 305)
   defining Unicode char U+0141 (decimal 321)
   defining Unicode char U+0142 (decimal 322)
   defining Unicode char U+0152 (decimal 338)
   defining Unicode char U+0153 (decimal 339)
   defining Unicode char U+2013 (decimal 8211)
   defining Unicode char U+2014 (decimal 8212)
   defining Unicode char U+2018 (decimal 8216)
   defining Unicode char U+2019 (decimal 8217)
   defining Unicode char U+201C (decimal 8220)
   defining Unicode char U+201D (decimal 8221)
)
Now handling font encoding OMS ...
... processing UTF-8 mapping file for font encoding OMS

(/usr/local/texlive/2014/texmf-dist/tex/latex/base/omsenc.dfu
File: omsenc.dfu 2008/04/05 v1.1m UTF-8 support for inputenc
   defining Unicode char U+00A7 (decimal 167)
   defining Unicode char U+00B6 (decimal 182)
   defining Unicode char U+00B7 (decimal 183)
   defining Unicode char U+2020 (decimal 8224)
   defining Unicode char U+2021 (decimal 8225)
   defining Unicode char U+2022 (decimal 8226)
)
Now handling font encoding OMX ...
... no UTF-8 mapping file for font encoding OMX
Now handling font encoding U ...
... no UTF-8 mapping file for font encoding U
   defining Unicode char U+00A9 (decimal 169)
   defining Unicode char U+00AA (decimal 170)
   defining Unicode char U+00AE (decimal 174)
   defining Unicode char U+00BA (decimal 186)
   defining Unicode char U+02C6 (decimal 710)
   defining Unicode char U+02DC (decimal 732)
   defining Unicode char U+200C (decimal 8204)
   defining Unicode char U+2026 (decimal 8230)
   defining Unicode char U+2122 (decimal 8482)
   defining Unicode char U+2423 (decimal 9251)
))
(/usr/local/texlive/2014/texmf-dist/tex/latex/placeins/placeins.sty
Package: placeins 2005/04/18  v 2.2
)
(/usr/local/texlive/2014/texmf-dist/tex/latex/geometry/geometry.sty
Package: geometry 2010/09/12 v5.6 Page Geometry

(/usr/local/texlive/2014/texmf-dist/tex/latex/graphics/keyval.sty
Package: keyval 2014/05/08 v1.15 key=value parser (DPC)
\KV@toks@=\toks16
)
(/usr/local/texlive/2014/texmf-dist/tex/generic/oberdiek/ifpdf.sty
Package: ifpdf 2011/01/30 v2.3 Provides the ifpdf switch (HO)
Package ifpdf Info: pdfTeX in PDF mode is detected.
)
(/usr/local/texlive/2014/texmf-dist/tex/generic/oberdiek/ifvtex.sty
Package: ifvtex 2010/03/01 v1.5 Detect VTeX and its facilities (HO)
Package ifvtex Info: VTeX not detected.
)
(/usr/local/texlive/2014/texmf-dist/tex/generic/ifxetex/ifxetex.sty
Package: ifxetex 2010/09/12 v0.6 Provides ifxetex conditional
)
\Gm@cnth=\count88
\Gm@cntv=\count89
\c@Gm@tempcnt=\count90
\Gm@bindingoffset=\dimen103
\Gm@wd@mp=\dimen104
\Gm@odd@mp=\dimen105
\Gm@even@mp=\dimen106
\Gm@layoutwidth=\dimen107
\Gm@layoutheight=\dimen108
\Gm@layouthoffset=\dimen109
\Gm@layoutvoffset=\dimen110
\Gm@dimlist=\toks17
)
(/usr/local/texlive/2014/texmf-dist/tex/latex/graphics/graphicx.sty
Package: graphicx 2014/04/25 v1.0g Enhanced LaTeX Graphics (DPC,SPQR)

(/usr/local/texlive/2014/texmf-dist/tex/latex/graphics/graphics.sty
Package: graphics 2009/02/05 v1.0o Standard LaTeX Graphics (DPC,SPQR)

(/usr/local/texlive/2014/texmf-dist/tex/latex/graphics/trig.sty
Package: trig 1999/03/16 v1.09 sin cos tan (DPC)
)
(/usr/local/texlive/2014/texmf-dist/tex/latex/latexconfig/graphics.cfg
File: graphics.cfg 2010/04/23 v1.9 graphics configuration of TeX Live
)
Package graphics Info: Driver file: pdftex.def on input line 91.

(/usr/local/texlive/2014/texmf-dist/tex/latex/pdftex-def/pdftex.def
File: pdftex.def 2011/05/27 v0.06d Graphics/color for pdfTeX

(/usr/local/texlive/2014/texmf-dist/tex/generic/oberdiek/infwarerr.sty
Package: infwarerr 2010/04/08 v1.3 Providing info/warning/error messages (HO)
)
(/usr/local/texlive/2014/texmf-dist/tex/generic/oberdiek/ltxcmds.sty
Package: ltxcmds 2011/11/09 v1.22 LaTeX kernel commands for general use (HO)
)
\Gread@gobject=\count91
))
\Gin@req@height=\dimen111
\Gin@req@width=\dimen112
)
(/usr/local/texlive/2014/texmf-dist/tex/latex/titlesec/titlesec.sty
Package: titlesec 2011/12/15 v2.10.0 Sectioning titles
\ttl@box=\box26
\beforetitleunit=\skip43
\aftertitleunit=\skip44
\ttl@plus=\dimen113
\ttl@minus=\dimen114
\ttl@toksa=\toks18
\titlewidth=\dimen115
\titlewidthlast=\dimen116
\titlewidthfirst=\dimen117
)
(/usr/local/texlive/2014/texmf-dist/tex/latex/url/url.sty
\Urlmuskip=\muskip10
Package: url 2013/09/16  ver 3.4  Verb mode for urls, etc.
)
(/usr/local/texlive/2014/texmf-dist/tex/latex/booktabs/booktabs.sty
Package: booktabs 2005/04/14 v1.61803 publication quality tables
\heavyrulewidth=\dimen118
\lightrulewidth=\dimen119
\cmidrulewidth=\dimen120
\belowrulesep=\dimen121
\belowbottomsep=\dimen122
\aboverulesep=\dimen123
\abovetopsep=\dimen124
\cmidrulesep=\dimen125
\cmidrulekern=\dimen126
\defaultaddspace=\dimen127
\@cmidla=\count92
\@cmidlb=\count93
\@aboverulesep=\dimen128
\@belowrulesep=\dimen129
\@thisruleclass=\count94
\@lastruleclass=\count95
\@thisrulewidth=\dimen130
)
(/usr/local/texlive/2014/texmf-dist/tex/latex/tools/array.sty
Package: array 2008/09/09 v2.4c Tabular extension package (FMi)
\col@sep=\dimen131
\extrarowheight=\dimen132
\NC@list=\toks19
\extratabsurround=\skip45
\backup@length=\skip46
)
(/usr/local/texlive/2014/texmf-dist/tex/latex/paralist/paralist.sty
Package: paralist 2013/06/09 v2.4 Extended list environments
\pltopsep=\skip47
\plpartopsep=\skip48
\plitemsep=\skip49
\plparsep=\skip50
\pl@lab=\toks20
)
(/usr/local/texlive/2014/texmf-dist/tex/latex/tools/verbatim.sty
Package: verbatim 2003/08/22 v1.5q LaTeX2e package for verbatim enhancements
\every@verbatim=\toks21
\verbatim@line=\toks22
\verbatim@in@stream=\read1
)
(/usr/local/texlive/2014/texmf-dist/tex/latex/subfig/subfig.sty
Package: subfig 2005/06/28 ver: 1.3 subfig package

(/usr/local/texlive/2014/texmf-dist/tex/latex/caption/caption.sty
Package: caption 2013/05/02 v3.3-89 Customizing captions (AR)

(/usr/local/texlive/2014/texmf-dist/tex/latex/caption/caption3.sty
Package: caption3 2013/05/02 v1.6-88 caption3 kernel (AR)
Package caption3 Info: TeX engine: e-TeX on input line 57.
\captionmargin=\dimen133
\captionmargin@=\dimen134
\captionwidth=\dimen135
\caption@tempdima=\dimen136
\caption@indent=\dimen137
\caption@parindent=\dimen138
\caption@hangindent=\dimen139
)
\c@ContinuedFloat=\count96
)
\c@KVtest=\count97
\sf@farskip=\skip51
\sf@captopadj=\dimen140
\sf@capskip=\skip52
\sf@nearskip=\skip53
\c@subfigure=\count98
\c@subfigure@save=\count99
\c@lofdepth=\count100
\c@subtable=\count101
\c@subtable@save=\count102
\c@lotdepth=\count103
\sf@top=\skip54
\sf@bottom=\skip55
)
(/usr/local/texlive/2014/texmf-dist/tex/latex/pdfpages/pdfpages.sty
Package: pdfpages 2013/08/25 v0.4v Insert pages of external PDF documents (AM)

(/usr/local/texlive/2014/texmf-dist/tex/latex/base/ifthen.sty
Package: ifthen 2001/05/26 v1.1c Standard LaTeX ifthen package (DPC)
)
(/usr/local/texlive/2014/texmf-dist/tex/latex/tools/calc.sty
Package: calc 2007/08/22 v4.3 Infix arithmetic (KKT,FJ)
\calc@Acount=\count104
\calc@Bcount=\count105
\calc@Adimen=\dimen141
\calc@Bdimen=\dimen142
\calc@Askip=\skip56
\calc@Bskip=\skip57
LaTeX Info: Redefining \setlength on input line 75.
LaTeX Info: Redefining \addtolength on input line 76.
\calc@Ccount=\count106
\calc@Cskip=\skip58
)
(/usr/local/texlive/2014/texmf-dist/tex/latex/eso-pic/eso-pic.sty
Package: eso-pic 2013/10/06 v2.0d eso-pic (RN)

(/usr/local/texlive/2014/texmf-dist/tex/generic/oberdiek/atbegshi.sty
Package: atbegshi 2011/10/05 v1.16 At begin shipout hook (HO)
)
(/usr/local/texlive/2014/texmf-dist/tex/latex/xcolor/xcolor.sty
Package: xcolor 2007/01/21 v2.11 LaTeX color extensions (UK)

(/usr/local/texlive/2014/texmf-dist/tex/latex/latexconfig/color.cfg
File: color.cfg 2007/01/18 v1.5 color configuration of teTeX/TeXLive
)
Package xcolor Info: Driver file: pdftex.def on input line 225.
Package xcolor Info: Model `cmy' substituted by `cmy0' on input line 1337.
Package xcolor Info: Model `hsb' substituted by `rgb' on input line 1341.
Package xcolor Info: Model `RGB' extended on input line 1353.
Package xcolor Info: Model `HTML' substituted by `rgb' on input line 1355.
Package xcolor Info: Model `Hsb' substituted by `hsb' on input line 1356.
Package xcolor Info: Model `tHsb' substituted by `hsb' on input line 1357.
Package xcolor Info: Model `HSB' substituted by `hsb' on input line 1358.
Package xcolor Info: Model `Gray' substituted by `gray' on input line 1359.
Package xcolor Info: Model `wave' substituted by `hsb' on input line 1360.
))
(/usr/local/texlive/2014/texmf-dist/tex/latex/pdfpages/pppdftex.def
File: pppdftex.def 2013/08/25 v0.4v Pdfpages driver for pdfTeX (AM)
)
\AM@pagebox=\box27
\AM@toc@title=\toks23
\c@AM@survey=\count107
\AM@templatesizebox=\box28
)
(/usr/local/texlive/2014/texmf-dist/tex/latex/oberdiek/pdflscape.sty
Package: pdflscape 2008/08/11 v0.10 Display of landscape pages in PDF (HO)

(/usr/local/texlive/2014/texmf-dist/tex/latex/graphics/lscape.sty
Package: lscape 2000/10/22 v3.01 Landscape Pages (DPC)
)
Package pdflscape Info: Auto-detected driver: pdftex on input line 80.
)
(/usr/local/texlive/2014/texmf-dist/tex/latex/rotating/rotating.sty
Package: rotating 2009/03/28 v2.16a rotated objects in LaTeX
\c@r@tfl@t=\count108
\rotFPtop=\skip59
\rotFPbot=\skip60
\rot@float@box=\box29
\rot@mess@toks=\toks24
)
(/usr/local/texlive/2014/texmf-dist/tex/latex/rotfloat/rotfloat.sty
Package: rotfloat 2004/01/04 v1.2 Combining float+rotating package (AS)

(/usr/local/texlive/2014/texmf-dist/tex/latex/float/float.sty
Package: float 2001/11/08 v1.3d Float enhancements (AL)
\c@float@type=\count109
\float@exts=\toks25
\float@box=\box30
\@float@everytoks=\toks26
\@floatcapt=\box31
)
Package rotfloat Info: float package v1.3 detected on input line 74.
)
(/usr/local/texlive/2014/texmf-dist/tex/latex/fancyhdr/fancyhdr.sty
\fancy@headwidth=\skip61
\f@ncyO@elh=\skip62
\f@ncyO@erh=\skip63
\f@ncyO@olh=\skip64
\f@ncyO@orh=\skip65
\f@ncyO@elf=\skip66
\f@ncyO@erf=\skip67
\f@ncyO@olf=\skip68
\f@ncyO@orf=\skip69
)
(/usr/local/texlive/2014/texmf-dist/tex/latex/sectsty/sectsty.sty
Package: sectsty 2002/02/25 v2.0.2 Commands to change all sectional heading sty
les
)
(/usr/local/texlive/2014/texmf-dist/tex/latex/apacite/apacite.sty
Package: apacite 2013/07/21 v6.03 APA citation
\c@BibCnt=\count110
\bibleftmargin=\skip70
\bibindent=\skip71
\bibparsep=\skip72
\bibitemsep=\skip73
\biblabelsep=\skip74
)
(/usr/local/texlive/2014/texmf-dist/tex/latex/tocbibind/tocbibind.sty
Package: tocbibind 2010/10/13 v1.5k extra ToC listings
Package tocbibind Info: The document has chapter divisions on input line 50.


Package tocbibind Note: Using chapter style headings, unless overridden.

) (/usr/local/texlive/2014/texmf-dist/tex/latex/tocloft/tocloft.sty
Package: tocloft 2013/05/02 v2.3f parameterised ToC, etc., typesetting
Package tocloft Info: The document has chapter divisions on input line 44.
\cftparskip=\skip75
\cftbeforetoctitleskip=\skip76
\cftaftertoctitleskip=\skip77
\cftbeforepartskip=\skip78
\cftpartnumwidth=\skip79
\cftpartindent=\skip80
\cftbeforechapskip=\skip81
\cftchapindent=\skip82
\cftchapnumwidth=\skip83
\cftbeforesecskip=\skip84
\cftsecindent=\skip85
\cftsecnumwidth=\skip86
\cftbeforesubsecskip=\skip87
\cftsubsecindent=\skip88
\cftsubsecnumwidth=\skip89
\cftbeforesubsubsecskip=\skip90
\cftsubsubsecindent=\skip91
\cftsubsubsecnumwidth=\skip92
\cftbeforeparaskip=\skip93
\cftparaindent=\skip94
\cftparanumwidth=\skip95
\cftbeforesubparaskip=\skip96
\cftsubparaindent=\skip97
\cftsubparanumwidth=\skip98
\cftbeforeloftitleskip=\skip99
\cftafterloftitleskip=\skip100
\cftbeforefigskip=\skip101
\cftfigindent=\skip102
\cftfignumwidth=\skip103
\cftbeforelottitleskip=\skip104
\cftafterlottitleskip=\skip105
\cftbeforetabskip=\skip106
\cfttabindent=\skip107
\cfttabnumwidth=\skip108
\cftbeforesubfigskip=\skip109
\cftsubfigindent=\skip110
\cftsubfignumwidth=\skip111
\cftbeforesubtabskip=\skip112
\cftsubtabindent=\skip113
\cftsubtabnumwidth=\skip114
)
(/usr/local/texlive/2014/texmf-dist/tex/latex/tools/afterpage.sty
Package: afterpage 1995/10/27 v1.08 After-Page Package (DPC)
\AP@output=\toks27
\AP@partial=\box32
\AP@footins=\box33
)
(./Thesis.aux

LaTeX Warning: Label `completeoutline' multiply defined.

)
\openout1 = `Thesis.aux'.

LaTeX Font Info:    Checking defaults for OML/cmm/m/it on input line 105.
LaTeX Font Info:    ... okay on input line 105.
LaTeX Font Info:    Checking defaults for T1/cmr/m/n on input line 105.
LaTeX Font Info:    ... okay on input line 105.
LaTeX Font Info:    Checking defaults for OT1/cmr/m/n on input line 105.
LaTeX Font Info:    ... okay on input line 105.
LaTeX Font Info:    Checking defaults for OMS/cmsy/m/n on input line 105.
LaTeX Font Info:    ... okay on input line 105.
LaTeX Font Info:    Checking defaults for OMX/cmex/m/n on input line 105.
LaTeX Font Info:    ... okay on input line 105.
LaTeX Font Info:    Checking defaults for U/cmr/m/n on input line 105.
LaTeX Font Info:    ... okay on input line 105.
LaTeX Font Info:    Try loading font information for OT1+ptm on input line 105.

 (/usr/local/texlive/2014/texmf-dist/tex/latex/psnfss/ot1ptm.fd
File: ot1ptm.fd 2001/06/04 font definitions for OT1/ptm.
)
*geometry* driver: auto-detecting
*geometry* detected driver: pdftex
*geometry* verbose mode - [ preamble ] result:
* driver: pdftex
* paper: a4paper
* layout: <same size as paper>
* layoutoffset:(h,v)=(0.0pt,0.0pt)
* modes: twoside 
* h-part:(L,W,R)=(71.13188pt, 455.24411pt, 71.13188pt)
* v-part:(T,H,B)=(71.13188pt, 702.78308pt, 71.13188pt)
* \paperwidth=597.50787pt
* \paperheight=845.04684pt
* \textwidth=455.24411pt
* \textheight=702.78308pt
* \oddsidemargin=-1.1381pt
* \evensidemargin=-1.1381pt
* \topmargin=-38.1381pt
* \headheight=12.0pt
* \headsep=25.0pt
* \topskip=11.0pt
* \footskip=30.0pt
* \marginparwidth=113.0pt
* \marginparsep=10.0pt
* \columnsep=10.0pt
* \skip\footins=10.0pt plus 4.0pt minus 2.0pt
* \hoffset=0.0pt
* \voffset=0.0pt
* \mag=1000
* \@twocolumnfalse
* \@twosidetrue
* \@mparswitchtrue
* \@reversemarginfalse
* (1in=72.27pt=25.4mm, 1cm=28.453pt)

(/usr/local/texlive/2014/texmf-dist/tex/context/base/supp-pdf.mkii
[Loading MPS to PDF converter (version 2006.09.02).]
\scratchcounter=\count111
\scratchdimen=\dimen143
\scratchbox=\box34
\nofMPsegments=\count112
\nofMParguments=\count113
\everyMPshowfont=\toks28
\MPscratchCnt=\count114
\MPscratchDim=\dimen144
\MPnumerator=\count115
\makeMPintoPDFobject=\count116
\everyMPtoPDFconversion=\toks29
) (/usr/local/texlive/2014/texmf-dist/tex/generic/oberdiek/pdftexcmds.sty
Package: pdftexcmds 2011/11/29 v0.20 Utility functions of pdfTeX for LuaTeX (HO
)

(/usr/local/texlive/2014/texmf-dist/tex/generic/oberdiek/ifluatex.sty
Package: ifluatex 2010/03/01 v1.3 Provides the ifluatex switch (HO)
Package ifluatex Info: LuaTeX not detected.
)
Package pdftexcmds Info: LuaTeX not detected.
Package pdftexcmds Info: \pdf@primitive is available.
Package pdftexcmds Info: \pdf@ifprimitive is available.
Package pdftexcmds Info: \pdfdraftmode found.
)
(/usr/local/texlive/2014/texmf-dist/tex/latex/oberdiek/epstopdf-base.sty
Package: epstopdf-base 2010/02/09 v2.5 Base part for package epstopdf

(/usr/local/texlive/2014/texmf-dist/tex/latex/oberdiek/grfext.sty
Package: grfext 2010/08/19 v1.1 Manage graphics extensions (HO)

(/usr/local/texlive/2014/texmf-dist/tex/generic/oberdiek/kvdefinekeys.sty
Package: kvdefinekeys 2011/04/07 v1.3 Define keys (HO)
))
(/usr/local/texlive/2014/texmf-dist/tex/latex/oberdiek/kvoptions.sty
Package: kvoptions 2011/06/30 v3.11 Key value format for package options (HO)

(/usr/local/texlive/2014/texmf-dist/tex/generic/oberdiek/kvsetkeys.sty
Package: kvsetkeys 2012/04/25 v1.16 Key value parser (HO)

(/usr/local/texlive/2014/texmf-dist/tex/generic/oberdiek/etexcmds.sty
Package: etexcmds 2011/02/16 v1.5 Avoid name clashes with e-TeX commands (HO)
Package etexcmds Info: Could not find \expanded.
(etexcmds)             That can mean that you are not using pdfTeX 1.50 or
(etexcmds)             that some package has redefined \expanded.
(etexcmds)             In the latter case, load this package earlier.
)))
Package grfext Info: Graphics extension search list:
(grfext)             [.png,.pdf,.jpg,.mps,.jpeg,.jbig2,.jb2,.PNG,.PDF,.JPG,.JPE
G,.JBIG2,.JB2,.eps]
(grfext)             \AppendGraphicsExtensions on input line 452.

(/usr/local/texlive/2014/texmf-dist/tex/latex/latexconfig/epstopdf-sys.cfg
File: epstopdf-sys.cfg 2010/07/13 v1.3 Configuration of (r)epstopdf for TeX Liv
e
))
Package caption Info: Begin \AtBeginDocument code.
Package caption Info: subfig package v1.3 is loaded.
Package caption Info: float package is loaded.
Package caption Info: rotating package is loaded.
Package caption Info: End \AtBeginDocument code.
\AtBeginShipoutBox=\box35
\c@maskedRefs=\count117

(/usr/local/texlive/2014/texmf-dist/tex/latex/apacite/english.apc
File: english.apc 2013/07/21 v6.03 apacite language file
LaTeX Info: Redefining \BPBI on input line 129.
LaTeX Info: Redefining \BHBI on input line 130.
)
<./logo.jpg, id=1, 225.60284pt x 45.2892pt>
File: ./logo.jpg Graphic file (type jpg)
 <use ./logo.jpg>
Package pdftex.def Info: ./logo.jpg used on input line 113.
(pdftex.def)             Requested size: 455.24411pt x 91.39221pt.
LaTeX Font Info:    Font shape `OT1/ptm/bx/n' in size <20.74> not available
(Font)              Font shape `OT1/ptm/b/n' tried instead on input line 121.
LaTeX Font Info:    External font `cmex10' loaded for size
(Font)              <10.95> on input line 132.
LaTeX Font Info:    External font `cmex10' loaded for size
(Font)              <8> on input line 132.
LaTeX Font Info:    External font `cmex10' loaded for size
(Font)              <6> on input line 132.
 [1

{/usr/local/texlive/2014/texmf-var/fonts/map/pdftex/updmap/pdftex.map} <./logo.
jpg>] [2

]
LaTeX Font Info:    Font shape `OT1/ptm/bx/n' in size <24.88> not available
(Font)              Font shape `OT1/ptm/b/n' tried instead on input line 153.

(./Thesis.toc
LaTeX Font Info:    Font shape `OT1/ptm/bx/n' in size <10.95> not available
(Font)              Font shape `OT1/ptm/b/n' tried instead on input line 1.
LaTeX Font Info:    Font shape `OT1/ptm/bx/n' in size <12> not available
(Font)              Font shape `OT1/ptm/b/n' tried instead on input line 4.
LaTeX Font Info:    External font `cmex10' loaded for size
(Font)              <12> on input line 4.
 [3] [4])
\tf@toc=\write3
\openout3 = `Thesis.toc'.

 [5]
LaTeX Font Info:    Font shape `OT1/ptm/bx/n' in size <14.4> not available
(Font)              Font shape `OT1/ptm/b/n' tried instead on input line 161.

<genericmodel.png, id=23, 249.18094pt x 248.42813pt>
File: genericmodel.png Graphic file (type png)
 <use genericmodel.png>
Package pdftex.def Info: genericmodel.png used on input line 165.
(pdftex.def)             Requested size: 318.66948pt x 317.73672pt.

<bohrmodel.png, id=24, 228.6141pt x 228.6141pt>
File: bohrmodel.png Graphic file (type png)
 <use bohrmodel.png>
Package pdftex.def Info: bohrmodel.png used on input line 176.
(pdftex.def)             Requested size: 227.62206pt x 227.62283pt.
 [6

 <./genericmodel.png>]
Overfull \hbox (1.43164pt too wide) in paragraph at lines 185--186
\OT1/cmtt/m/n/10.95 commons / transcoded / e / e4 / Wave [] -particle [] []dual
ity [] .ogv / Wave [] -particle [] []duality [] .ogv [] .480p []
 []

[7 <./bohrmodel.png>] [8] [9] [10

] [11]
<needsassessment.png, id=48, 524.9211pt x 260.8947pt>
File: needsassessment.png Graphic file (type png)

<use needsassessment.png>
Package pdftex.def Info: needsassessment.png used on input line 224.
(pdftex.def)             Requested size: 455.24411pt x 226.26793pt.


LaTeX Warning: `h' float specifier changed to `ht'.

[12

] [13 <./needsassessment.png>]
LaTeX Font Info:    Try loading font information for OMS+ptm on input line 250.


(/usr/local/texlive/2014/texmf-dist/tex/latex/psnfss/omsptm.fd
File: omsptm.fd 
)
LaTeX Font Info:    Font shape `OMS/ptm/m/n' in size <10.95> not available
(Font)              Font shape `OMS/cmsy/m/n' tried instead on input line 250.

Overfull \hbox (4.38914pt too wide) in paragraph at lines 252--253
[]\OT1/ptm/m/n/10.95 estimate whether quan-tum phe-nom-ena are to ex-pected by 
com-par-ing the debroglie-wavelength
 []

[14] [15] [16

]

LaTeX Warning: Reference `ssch:topicsliterature' on page 17 undefined on input 
line 304.


LaTeX Warning: Reference `ssch:needsassessmentinnovation' on page 17 undefined 
on input line 308.


Underfull \vbox (badness 10000) has occurred while \output is active []

 [17

]
Underfull \vbox (badness 2073) has occurred while \output is active []

 [18]
<bloom.png, id=73, 288.8391pt x 210.7875pt>
File: bloom.png Graphic file (type png)
 <use bloom.png>
Package pdftex.def Info: bloom.png used on input line 334.
(pdftex.def)             Requested size: 182.09486pt x 132.89009pt.
 [19 <./bloom.png>]
[20] [21]

LaTeX Warning: Reference `ssch:problem' on page 22 undefined on input line 370.


[22

] [23

] [24] [25

] [26] [27

] <screenshot.png, id=104, 1284.8pt x 803.0pt>
File: screenshot.png Graphic file (type png)

<use screenshot.png>
Package pdftex.def Info: screenshot.png used on input line 422.
(pdftex.def)             Requested size: 455.24411pt x 284.52174pt.
 [28 <./screenshot.png (PNG copy)>] [29] [30] [31

] [32]
[33

] [34] [35] [36] [37

] [38]
<game-elements.png, id=144, 497.64868pt x 381.63632pt>
File: game-elements.png Graphic file (type png)
 <use game-elements.png>
Package pdftex.def Info: game-elements.png used on input line 583.
(pdftex.def)             Requested size: 227.62206pt x 174.55905pt.


LaTeX Warning: Reference `subch:devtext' on page 39 undefined on input line 589
.

[39

 <./game-elements.png>] [40] <blocks.png, id=152, 1735.48375pt x 248.93pt>
File: blocks.png Graphic file (type png)

<use blocks.png>
Package pdftex.def Info: blocks.png used on input line 619.
(pdftex.def)             Requested size: 455.24411pt x 65.29762pt.
 <roomdesign.png, id=153, 1284.8pt x 753.81625pt>
File: roomdesign.png Graphic file (type png)

<use roomdesign.png>
Package pdftex.def Info: roomdesign.png used on input line 629.
(pdftex.def)             Requested size: 455.24411pt x 267.09479pt.


LaTeX Warning: `h' float specifier changed to `ht'.

[41 <./blocks.png>] <mainhall.png, id=158, 1284.8pt x 753.81625pt>
File: mainhall.png Graphic file (type png)

<use mainhall.png>
Package pdftex.def Info: mainhall.png used on input line 645.
(pdftex.def)             Requested size: 455.24411pt x 267.09479pt.


LaTeX Warning: `h' float specifier changed to `ht'.

[42 <./roomdesign.png (PNG copy)>] [43 <./mainhall.png (PNG copy)>] [44

]
[45

] [46] [47]
Overfull \hbox (3.41315pt too wide) in paragraph at lines 720--721
\OT1/ptm/m/n/10.95 Finally, the el-e-ments of the Tele-por-ta-tions branch stil
l needed to be in-cor-po-rated within the other branches.
 []

[48] [49

] [50]
Underfull \vbox (badness 2726) has occurred while \output is active []

 [51

]
[52] [53] [54] [55] [56

] [57] [58]
Underfull \vbox (badness 7256) has occurred while \output is active []

 [59]
[60] [61

] (./Thesis.bbl
Underfull \hbox (badness 1472) in paragraph at lines 46--64
[]\OT1/ptm/m/n/10.95 Asikainen, M. A., & Hir-vo-nen, P. E.  (2014).  Prob-ing p
re-and in-service physics teach-
 []


Underfull \hbox (badness 2229) in paragraph at lines 171--179
[]\OT1/ptm/m/it/10.95 Cursussen ler-aar natu-urkunde (pro-fes-sional mas-ter) t
ilburg | fontys.  \OT1/ptm/m/n/10.95 (2015).  Re-trieved
 []


Underfull \hbox (badness 3375) in paragraph at lines 348--363
[]\OT1/ptm/m/n/10.95 Hobson, A.  (2012).  Teach-ing quan-tum non-lo-cal-ity.  \
OT1/ptm/m/it/10.95 Physics Teacher\OT1/ptm/m/n/10.95 , \OT1/ptm/m/it/10.95 50\O
T1/ptm/m/n/10.95 (5), 270 -
 []

[62

]
Underfull \hbox (badness 1253) in paragraph at lines 827--844
\OT1/ptm/m/n/10.95 in the con-text of mod-ern physics ex-per-i-ments.  \OT1/ptm
/m/it/10.95 Amer-i-can Jour-nal of Physics\OT1/ptm/m/n/10.95 , \OT1/ptm/m/it/10
.95 71\OT1/ptm/m/n/10.95 (6), 599 -
 []

[63]) [64] [65

]
LaTeX Font Info:    External font `cmex10' loaded for size
(Font)              <7> on input line 960.
LaTeX Font Info:    External font `cmex10' loaded for size
(Font)              <5> on input line 960.
LaTeX Font Info:    Font shape `OT1/ptm/bx/n' in size <10> not available
(Font)              Font shape `OT1/ptm/b/n' tried instead on input line 962.
LaTeX Font Info:    Font shape `OT1/ptm/bx/n' in size <9> not available
(Font)              Font shape `OT1/ptm/b/n' tried instead on input line 962.

Overfull \hbox (3.98523pt too wide) in paragraph at lines 962--962
[]|\OT1/ptm/b/n/9 Prerequisite| 
 []


Underfull \hbox (badness 10000) in paragraph at lines 963--963
[]|\OT1/ptm/m/n/10 Applications of
 []


Underfull \hbox (badness 2828) in paragraph at lines 964--964
\OT1/ptm/m/n/10 thing we ob-serve ex-ists out of
 []


Underfull \hbox (badness 10000) in paragraph at lines 968--968
[]|\OT1/ptm/m/n/10 Probably pre-
 []


Underfull \hbox (badness 10000) in paragraph at lines 969--969
[]|\OT1/ptm/m/n/10 Might be pre-
 []


Underfull \hbox (badness 10000) in paragraph at lines 970--970
[]|\OT1/ptm/m/n/10 Might be pre-
 []


Underfull \hbox (badness 1661) in paragraph at lines 971--971
\OT1/ptm/m/n/10 ex-ist out of 2 up-quarks and 1
 []


Underfull \hbox (badness 10000) in paragraph at lines 971--971
[]|\OT1/ptm/m/n/10 Might be pre-
 []


Underfull \hbox (badness 10000) in paragraph at lines 972--972
[]|\OT1/ptm/m/n/10 Might be pre-
 []


Underfull \hbox (badness 1173) in paragraph at lines 990--990
[]|\OT1/ptm/m/n/10 Classical Com-mu-ni-
 []


Underfull \hbox (badness 1173) in paragraph at lines 991--991
[]|\OT1/ptm/m/n/10 Classical Com-mu-ni-
 []


Underfull \hbox (badness 1173) in paragraph at lines 992--992
[]|\OT1/ptm/m/n/10 Classical Com-mu-ni-
 []


Underfull \hbox (badness 1173) in paragraph at lines 993--993
[]|\OT1/ptm/m/n/10 Classical Com-mu-ni-
 []


Underfull \hbox (badness 3271) in paragraph at lines 994--994
[]|\OT1/ptm/m/n/10 Observation De-pen-
 []


Underfull \hbox (badness 3271) in paragraph at lines 995--995
[]|\OT1/ptm/m/n/10 Observation De-pen-
 []


Underfull \hbox (badness 3271) in paragraph at lines 996--996
[]|\OT1/ptm/m/n/10 Observation De-pen-
 []


Underfull \hbox (badness 3271) in paragraph at lines 997--997
[]|\OT1/ptm/m/n/10 Observation De-pen-
 []


Underfull \hbox (badness 1281) in paragraph at lines 998--998
[]|\OT1/ptm/m/n/10 Realism and On-tol-
 []


Underfull \hbox (badness 1052) in paragraph at lines 999--999
[]|\OT1/ptm/m/n/10 The stu-dent can state the re-al-ist
 []


Underfull \hbox (badness 1281) in paragraph at lines 999--999
[]|\OT1/ptm/m/n/10 Realism and On-tol-
 []


Underfull \hbox (badness 1281) in paragraph at lines 1000--1000
[]|\OT1/ptm/m/n/10 Realism and On-tol-
 []


Underfull \hbox (badness 1281) in paragraph at lines 1001--1001
[]|\OT1/ptm/m/n/10 Realism and On-tol-
 []


Underfull \hbox (badness 1281) in paragraph at lines 1002--1002
[]|\OT1/ptm/m/n/10 Realism and On-tol-
 []


Underfull \hbox (badness 1281) in paragraph at lines 1011--1011
[]|\OT1/ptm/m/n/10 Realism and On-tol-
 []


Underfull \hbox (badness 10000) in paragraph at lines 1040--1040
[]|\OT1/ptm/m/n/10 The stu-dent can ex-plain why
 []


Underfull \hbox (badness 3954) in paragraph at lines 1042--1042
\OT1/ptm/m/n/10 pens when con-duct-ing quan-tum
 []

[66

] [67] [68] [69] [70

] [71] [72] [73] [74] [75] [76

] [77] [78] [79] [80]
[81] [82] [83] [84] [85] [86] [87] [88] [89] [90

] [91] [92

] [93] [94] [95]
[96] [97] [98] [99] [100] [101] [102] [103] [104

]
<legend.png, id=362, 211.79124pt x 242.9075pt>
File: legend.png Graphic file (type png)
 <use legend.png>
Package pdftex.def Info: legend.png used on input line 2495.
(pdftex.def)             Requested size: 136.57462pt x 156.64632pt.

<qcraftblockrooms.png, id=363, 478.78876pt x 478.78876pt>
File: qcraftblockrooms.png Graphic file (type png)

<use qcraftblockrooms.png>
Package pdftex.def Info: qcraftblockrooms.png used on input line 2502.
(pdftex.def)             Requested size: 273.14923pt x 273.14621pt.
 <odb-puzzle.png, id=364, 344.28625pt x 346.29375pt>
File: odb-puzzle.png Graphic file (type png)

<use odb-puzzle.png>
Package pdftex.def Info: odb-puzzle.png used on input line 2509.
(pdftex.def)             Requested size: 227.62206pt x 228.95087pt.


LaTeX Warning: `!h' float specifier changed to `!ht'.

<qb-puzzle.png, id=365, 339.2675pt x 340.27126pt>
File: qb-puzzle.png Graphic file (type png)
 <use qb-puzzle.png>
Package pdftex.def Info: qb-puzzle.png used on input line 2516.
(pdftex.def)             Requested size: 227.62206pt x 228.29207pt.


LaTeX Warning: `!h' float specifier changed to `!ht'.

<sp-puzzle.png, id=366, 481.8pt x 480.79625pt>
File: sp-puzzle.png Graphic file (type png)
 <use sp-puzzle.png>
Package pdftex.def Info: sp-puzzle.png used on input line 2523.
(pdftex.def)             Requested size: 318.66948pt x 318.01611pt.


LaTeX Warning: `!h' float specifier changed to `!ht'.

<ent-puzzle.png, id=367, 344.28625pt x 342.27875pt>
File: ent-puzzle.png Graphic file (type png)
 <use ent-puzzle.png>
Package pdftex.def Info: ent-puzzle.png used on input line 2530.
(pdftex.def)             Requested size: 227.62206pt x 226.29636pt.


LaTeX Warning: `!h' float specifier changed to `!ht'.

[105

 <./legend.png> <./qcraftblockrooms.png>] [106 <./odb-puzzle.png> <./qb-puzzle.
png>] [107 <./sp-puzzle.png> <./ent-puzzle.png>] [108

]
<Evaluation_matchboard-2.png, id=386, 3320.405pt x 2347.77126pt>
File: Evaluation_matchboard-2.png Graphic file (type png)

<use Evaluation_matchboard-2.png>
Package pdftex.def Info: Evaluation_matchboard-2.png used on input line 2545.
(pdftex.def)             Requested size: 643.80315pt x 455.24411pt.


LaTeX Warning: `!h' float specifier changed to `!ht'.

<Evaluation_matchboard-1.png, id=387, 3320.405pt x 2347.77126pt>
File: Evaluation_matchboard-1.png Graphic file (type png)

<use Evaluation_matchboard-1.png>
Package pdftex.def Info: Evaluation_matchboard-1.png used on input line 2550.
(pdftex.def)             Requested size: 643.80315pt x 455.24411pt.


LaTeX Warning: `h' float specifier changed to `ht'.

[109 <./Evaluation_matchboard-2.png>] [110 <./Evaluation_matchboard-1.png>]
<ageschart.png, id=397, 697.60625pt x 539.01375pt>
File: ageschart.png Graphic file (type png)
 <use ageschart.png>
Package pdftex.def Info: ageschart.png used on input line 2562.
(pdftex.def)             Requested size: 273.14923pt x 211.05342pt.

<studieschart.png, id=398, 326.4829pt x 256.11473pt>
File: studieschart.png Graphic file (type png)
 <use studieschart.png>
Package pdftex.def Info: studieschart.png used on input line 2569.
(pdftex.def)             Requested size: 273.14923pt x 214.28294pt.

<facultieschart.png, id=399, 169.26395pt x 209.20264pt>
File: facultieschart.png Graphic file (type png)

<use facultieschart.png>
Package pdftex.def Info: facultieschart.png used on input line 2576.
(pdftex.def)             Requested size: 227.62206pt x 281.35156pt.

<gamingexperiencechart.png, id=400, 329.65263pt x 292.88368pt>
File: gamingexperiencechart.png Graphic file (type png)

<use gamingexperiencechart.png>
Package pdftex.def Info: gamingexperiencechart.png used on input line 2583.
(pdftex.def)             Requested size: 318.66948pt x 283.14493pt.

<timeschart.png, id=401, 542.025pt x 311.9021pt>
File: timeschart.png Graphic file (type png)
 <use timeschart.png>
Package pdftex.def Info: timeschart.png used on input line 2590.
(pdftex.def)             Requested size: 364.19667pt x 209.57773pt.
 [111



 <./ageschart.png> <./studieschart.png>] [112 <./facultieschart.png> <./gaminge
xperiencechart.png>] [113 <./timeschart.png>]
Underfull \hbox (badness 7649) in paragraph at lines 2611--2611
[]|\OT1/ptm/m/n/10 Amount of text /
 []


Underfull \hbox (badness 10000) in paragraph at lines 2618--2618
[]|\OT1/ptm/m/n/10 Criticism to-wards
 []


Underfull \hbox (badness 7814) in paragraph at lines 2621--2621
[]|\OT1/ptm/m/n/10 Relativity the-ory /
 []


Underfull \hbox (badness 10000) in paragraph at lines 2621--2621
\OT1/ptm/m/n/10 clas-si-cal com-mu-ni-
 []


Underfull \hbox (badness 10000) in paragraph at lines 2622--2622
[]|\OT1/ptm/m/n/10 Observer de-pen-
 []


Underfull \hbox (badness 4303) in paragraph at lines 2622--2622
\OT1/ptm/m/n/10 dency / Su-per-po-si-
 []


Underfull \hbox (badness 1281) in paragraph at lines 2623--2623
[]|\OT1/ptm/m/n/10 Realism and On-tol-
 []


Underfull \hbox (badness 10000) in paragraph at lines 2627--2627
[]|\OT1/ptm/b/n/10 Suggestions im-
 []


Underfull \hbox (badness 10000) in paragraph at lines 2631--2631
[]|\OT1/ptm/m/n/10 Improvement
 []

[114


] [115] (./Thesis.aux)

LaTeX Warning: There were undefined references.


LaTeX Warning: There were multiply-defined labels.

 ) 
Here is how much of TeX's memory you used:
 6772 strings out of 493117
 100123 string characters out of 6135433
 215164 words of memory out of 5000000
 10059 multiletter control sequences out of 15000+600000
 33246 words of font info for 64 fonts, out of 8000000 for 9000
 1141 hyphenation exceptions out of 8191
 44i,12n,43p,1789b,430s stack positions out of 5000i,500n,10000p,200000b,80000s
{/usr/local/texlive/2014/texmf-dist/fonts/enc/dvips/base/8r.enc}</usr/local/t
exlive/2014/texmf-dist/fonts/type1/public/amsfonts/cm/cmmi10.pfb></usr/local/te
xlive/2014/texmf-dist/fonts/type1/public/amsfonts/cm/cmmi8.pfb></usr/local/texl
ive/2014/texmf-dist/fonts/type1/public/amsfonts/cm/cmr10.pfb></usr/local/texliv
e/2014/texmf-dist/fonts/type1/public/amsfonts/cm/cmr8.pfb></usr/local/texlive/2
014/texmf-dist/fonts/type1/public/amsfonts/cm/cmss12.pfb></usr/local/texlive/20
14/texmf-dist/fonts/type1/public/amsfonts/cm/cmss17.pfb></usr/local/texlive/201
4/texmf-dist/fonts/type1/public/amsfonts/cm/cmsy10.pfb></usr/local/texlive/2014
/texmf-dist/fonts/type1/public/amsfonts/cm/cmsy8.pfb></usr/local/texlive/2014/t
exmf-dist/fonts/type1/public/amsfonts/cm/cmtt10.pfb></usr/local/texlive/2014/te
xmf-dist/fonts/type1/urw/times/utmb8a.pfb></usr/local/texlive/2014/texmf-dist/f
onts/type1/urw/times/utmr8a.pfb></usr/local/texlive/2014/texmf-dist/fonts/type1
/urw/times/utmri8a.pfb>
Output written on Thesis.pdf (115 pages, 4602789 bytes).
PDF statistics:
 467 PDF objects out of 1000 (max. 8388607)
 294 compressed objects within 3 object streams
 0 named destinations out of 1000 (max. 500000)
 116 words of extra memory for PDF output out of 10000 (max. 10000000)

